<?xml version="1.0" encoding="UTF-8"?>
<!-- Generated by org.testng.reporters.JUnitReportReporter -->
<testsuite hostname="shaibaz" failures="0" tests="1" name="testScripts.Tc" time="91.473" errors="0" timestamp="2021-12-22T13:54:17 IST" skipped="0">
  <testcase classname="testScripts.Tc" name="tc" time="91.473"/>
  <system-out/>
</testsuite> <!-- testScripts.Tc -->
