<?xml version="1.0" encoding="UTF-8"?>
<!-- Generated by org.testng.reporters.JUnitReportReporter -->
<testsuite hostname="shaibaz" failures="0" tests="1" name="testScripts.GettingText" time="32.824" errors="0" timestamp="2021-12-22T13:41:53 IST" skipped="0">
  <testcase classname="testScripts.GettingText" name="tc1" time="32.824"/>
  <system-out/>
</testsuite> <!-- testScripts.GettingText -->
